app/build/intermediates/manifest_merge_blame_file/debug/manifest-merger-blame-debug-report.txt
1<?xml version="1.0" encoding="utf-8"?>
2<manifest xmlns:android="http://schemas.android.com/apk/res/android"
3    package="com.google.mlkit.vision.demo"
4    android:installLocation="auto"
5    android:versionCode="11"
6    android:versionName="1.11" >
7    <!--
8 CameraX libraries require minSdkVersion 21, while this quickstart app
9    supports low to 19. Needs to use overrideLibrary to make the merger tool
10    ignore this conflict and import the libraries while keeping the app's lower
11    minSdkVersion value. In code, will check SDK version, before calling CameraX
12    APIs.
13    -->
14    <uses-sdk
14-->src/main/AndroidManifest.xml:12:5-16:60
15        android:minSdkVersion="21"
15-->src/main/AndroidManifest.xml:12:5-16:60
16        android:targetSdkVersion="34" />
16-->src/main/AndroidManifest.xml:12:5-16:60
17
18    <uses-feature android:name="android.hardware.camera" />
18-->src/main/AndroidManifest.xml:18:5-59
18-->src/main/AndroidManifest.xml:18:19-57
19
20    <uses-permission android:name="android.permission.INTERNET" />
20-->src/main/AndroidManifest.xml:20:5-66
20-->src/main/AndroidManifest.xml:20:22-64
21    <uses-permission android:name="android.permission.WRITE_EXTERNAL_STORAGE" />
21-->src/main/AndroidManifest.xml:21:5-80
21-->src/main/AndroidManifest.xml:21:22-78
22    <uses-permission android:name="android.permission.READ_EXTERNAL_STORAGE" />
22-->src/main/AndroidManifest.xml:22:5-79
22-->src/main/AndroidManifest.xml:22:22-77
23    <uses-permission android:name="android.permission.CAMERA" />
23-->src/main/AndroidManifest.xml:23:5-64
23-->src/main/AndroidManifest.xml:23:22-62
24
25    <queries>
25-->src/main/AndroidManifest.xml:62:5-66:15
26        <intent>
26-->src/main/AndroidManifest.xml:63:9-65:18
27            <action android:name="android.media.action.IMAGE_CAPTURE" />
27-->src/main/AndroidManifest.xml:64:13-73
27-->src/main/AndroidManifest.xml:64:21-70
28        </intent>
29    </queries>
30
31    <!-- For remote config -->
32    <uses-permission android:name="android.permission.ACCESS_NETWORK_STATE" />
32-->[com.google.mlkit:pose-detection-common:18.0.0-beta5] AndroidManifest.xml:7:5-79
32-->[com.google.mlkit:pose-detection-common:18.0.0-beta5] AndroidManifest.xml:7:22-76
33    <uses-permission android:name="android.permission.WAKE_LOCK" />
33-->[androidx.work:work-runtime:2.7.0] AndroidManifest.xml:25:5-68
33-->[androidx.work:work-runtime:2.7.0] AndroidManifest.xml:25:22-65
34    <uses-permission android:name="android.permission.RECEIVE_BOOT_COMPLETED" />
34-->[androidx.work:work-runtime:2.7.0] AndroidManifest.xml:27:5-81
34-->[androidx.work:work-runtime:2.7.0] AndroidManifest.xml:27:22-78
35    <uses-permission android:name="android.permission.FOREGROUND_SERVICE" />
35-->[androidx.work:work-runtime:2.7.0] AndroidManifest.xml:28:5-77
35-->[androidx.work:work-runtime:2.7.0] AndroidManifest.xml:28:22-74
36
37    <permission
37-->[androidx.core:core:1.9.0] AndroidManifest.xml:22:5-24:47
38        android:name="com.google.mlkit.vision.demo.DYNAMIC_RECEIVER_NOT_EXPORTED_PERMISSION"
38-->[androidx.core:core:1.9.0] AndroidManifest.xml:23:9-81
39        android:protectionLevel="signature" />
39-->[androidx.core:core:1.9.0] AndroidManifest.xml:24:9-44
40
41    <uses-permission android:name="com.google.mlkit.vision.demo.DYNAMIC_RECEIVER_NOT_EXPORTED_PERMISSION" />
41-->[androidx.core:core:1.9.0] AndroidManifest.xml:26:5-97
41-->[androidx.core:core:1.9.0] AndroidManifest.xml:26:22-94
42
43    <application
43-->src/main/AndroidManifest.xml:25:5-61:19
44        android:name="androidx.multidex.MultiDexApplication"
44-->src/main/AndroidManifest.xml:26:9-61
45        android:appComponentFactory="androidx.core.app.CoreComponentFactory"
45-->[androidx.core:core:1.9.0] AndroidManifest.xml:28:18-86
46        android:debuggable="true"
47        android:icon="@drawable/logo_mlkit"
47-->src/main/AndroidManifest.xml:27:9-44
48        android:label="@string/app_name"
48-->src/main/AndroidManifest.xml:28:9-41
49        android:theme="@style/Theme.AppCompat" >
49-->src/main/AndroidManifest.xml:29:9-47
50        <meta-data
50-->src/main/AndroidManifest.xml:31:9-33:68
51            android:name="com.google.android.gms.version"
51-->src/main/AndroidManifest.xml:32:13-58
52            android:value="@integer/google_play_services_version" />
52-->src/main/AndroidManifest.xml:33:13-66
53
54        <!--
55          Optional: Add it to automatically download ML model to device after
56          your app is installed.
57        -->
58        <meta-data
58-->src/main/AndroidManifest.xml:37:9-39:35
59            android:name="com.google.mlkit.vision.DEPENDENCIES"
59-->src/main/AndroidManifest.xml:38:13-64
60            android:value="pose" />
60-->src/main/AndroidManifest.xml:39:13-33
61
62        <activity
62-->src/main/AndroidManifest.xml:41:9-49:20
63            android:name="com.google.mlkit.vision.demo.EntryChoiceActivity"
63-->src/main/AndroidManifest.xml:42:13-48
64            android:exported="true"
64-->src/main/AndroidManifest.xml:43:13-36
65            android:theme="@style/AppTheme" >
65-->src/main/AndroidManifest.xml:44:13-44
66            <intent-filter>
66-->src/main/AndroidManifest.xml:45:13-48:29
67                <action android:name="android.intent.action.MAIN" />
67-->src/main/AndroidManifest.xml:46:17-68
67-->src/main/AndroidManifest.xml:46:25-66
68
69                <category android:name="android.intent.category.LAUNCHER" />
69-->src/main/AndroidManifest.xml:47:17-76
69-->src/main/AndroidManifest.xml:47:27-74
70            </intent-filter>
71        </activity>
72        <activity
72-->src/main/AndroidManifest.xml:51:9-55:20
73            android:name="com.google.mlkit.vision.demo.kotlin.LivePreviewActivity"
73-->src/main/AndroidManifest.xml:52:13-55
74            android:exported="false"
74-->src/main/AndroidManifest.xml:53:13-37
75            android:theme="@style/AppTheme" >
75-->src/main/AndroidManifest.xml:54:13-44
76        </activity>
77        <activity
77-->src/main/AndroidManifest.xml:57:9-59:39
78            android:name="com.google.mlkit.vision.demo.preference.SettingsActivity"
78-->src/main/AndroidManifest.xml:58:13-56
79            android:exported="false" />
79-->src/main/AndroidManifest.xml:59:13-37
80
81        <!--
82             Required for ML Kit Pose Detection GPU acceleration. Applications that target Android
83             S+ require explicit declaration of any referenced vendor-provided libraries.
84        -->
85        <uses-native-library
85-->[com.google.mlkit:pose-detection-common:18.0.0-beta5] AndroidManifest.xml:16:9-18:40
86            android:name="libOpenCL.so"
86-->[com.google.mlkit:pose-detection-common:18.0.0-beta5] AndroidManifest.xml:17:13-40
87            android:required="false" />
87-->[com.google.mlkit:pose-detection-common:18.0.0-beta5] AndroidManifest.xml:18:13-37
88        <uses-native-library
88-->[com.google.mlkit:pose-detection-common:18.0.0-beta5] AndroidManifest.xml:16:9-18:40
89            android:name="libOpenCL-car.so"
89-->[com.google.mlkit:pose-detection-common:18.0.0-beta5] AndroidManifest.xml:17:13-40
90            android:required="false" />
90-->[com.google.mlkit:pose-detection-common:18.0.0-beta5] AndroidManifest.xml:18:13-37
91        <uses-native-library
91-->[com.google.mlkit:pose-detection-common:18.0.0-beta5] AndroidManifest.xml:16:9-18:40
92            android:name="libOpenCL-pixel.so"
92-->[com.google.mlkit:pose-detection-common:18.0.0-beta5] AndroidManifest.xml:17:13-40
93            android:required="false" />
93-->[com.google.mlkit:pose-detection-common:18.0.0-beta5] AndroidManifest.xml:18:13-37
94
95        <service
95-->[com.google.mlkit:pose-detection-common:18.0.0-beta5] AndroidManifest.xml:26:9-32:19
96            android:name="com.google.mlkit.common.internal.MlKitComponentDiscoveryService"
96-->[com.google.mlkit:pose-detection-common:18.0.0-beta5] AndroidManifest.xml:27:13-91
97            android:directBootAware="true"
97-->[com.google.mlkit:common:18.11.0] AndroidManifest.xml:17:13-43
98            android:exported="false" >
98-->[com.google.mlkit:pose-detection-common:18.0.0-beta5] AndroidManifest.xml:28:13-37
99            <meta-data
99-->[com.google.mlkit:pose-detection-common:18.0.0-beta5] AndroidManifest.xml:29:13-31:85
100                android:name="com.google.firebase.components:com.google.mlkit.vision.pose.internal.PoseRegistrar"
100-->[com.google.mlkit:pose-detection-common:18.0.0-beta5] AndroidManifest.xml:30:17-114
101                android:value="com.google.firebase.components.ComponentRegistrar" />
101-->[com.google.mlkit:pose-detection-common:18.0.0-beta5] AndroidManifest.xml:31:17-82
102            <meta-data
102-->[com.google.mlkit:vision-common:17.3.0] AndroidManifest.xml:12:13-14:85
103                android:name="com.google.firebase.components:com.google.mlkit.vision.common.internal.VisionCommonRegistrar"
103-->[com.google.mlkit:vision-common:17.3.0] AndroidManifest.xml:13:17-124
104                android:value="com.google.firebase.components.ComponentRegistrar" />
104-->[com.google.mlkit:vision-common:17.3.0] AndroidManifest.xml:14:17-82
105            <meta-data
105-->[com.google.mlkit:common:18.11.0] AndroidManifest.xml:20:13-22:85
106                android:name="com.google.firebase.components:com.google.mlkit.common.internal.CommonComponentRegistrar"
106-->[com.google.mlkit:common:18.11.0] AndroidManifest.xml:21:17-120
107                android:value="com.google.firebase.components.ComponentRegistrar" />
107-->[com.google.mlkit:common:18.11.0] AndroidManifest.xml:22:17-82
108        </service>
109        <service
109-->[com.google.mlkit:acceleration:16.0.0-beta2] AndroidManifest.xml:8:9-11:68
110            android:name="com.google.mlkit.acceleration.internal.MlKitRemoteWorkerService"
110-->[com.google.mlkit:acceleration:16.0.0-beta2] AndroidManifest.xml:9:13-91
111            android:exported="false"
111-->[com.google.mlkit:acceleration:16.0.0-beta2] AndroidManifest.xml:10:13-37
112            android:process=":mlkit_acceleration_mini_benchmark" />
112-->[com.google.mlkit:acceleration:16.0.0-beta2] AndroidManifest.xml:11:13-65
113        <service
113-->[androidx.work:work-multiprocess:2.7.0] AndroidManifest.xml:25:9-27:40
114            android:name="androidx.work.multiprocess.RemoteWorkManagerService"
114-->[androidx.work:work-multiprocess:2.7.0] AndroidManifest.xml:26:13-79
115            android:exported="false" />
115-->[androidx.work:work-multiprocess:2.7.0] AndroidManifest.xml:27:13-37
116
117        <provider
117-->[com.google.mlkit:common:18.11.0] AndroidManifest.xml:9:9-13:38
118            android:name="com.google.mlkit.common.internal.MlKitInitProvider"
118-->[com.google.mlkit:common:18.11.0] AndroidManifest.xml:10:13-78
119            android:authorities="com.google.mlkit.vision.demo.mlkitinitprovider"
119-->[com.google.mlkit:common:18.11.0] AndroidManifest.xml:11:13-69
120            android:exported="false"
120-->[com.google.mlkit:common:18.11.0] AndroidManifest.xml:12:13-37
121            android:initOrder="99" />
121-->[com.google.mlkit:common:18.11.0] AndroidManifest.xml:13:13-35
122
123        <activity
123-->[com.google.android.gms:play-services-base:18.5.0] AndroidManifest.xml:5:9-173
124            android:name="com.google.android.gms.common.api.GoogleApiActivity"
124-->[com.google.android.gms:play-services-base:18.5.0] AndroidManifest.xml:5:19-85
125            android:exported="false"
125-->[com.google.android.gms:play-services-base:18.5.0] AndroidManifest.xml:5:146-170
126            android:theme="@android:style/Theme.Translucent.NoTitleBar" />
126-->[com.google.android.gms:play-services-base:18.5.0] AndroidManifest.xml:5:86-145
127
128        <provider
128-->[androidx.work:work-runtime:2.7.0] AndroidManifest.xml:31:9-39:20
129            android:name="androidx.startup.InitializationProvider"
129-->[androidx.work:work-runtime:2.7.0] AndroidManifest.xml:32:13-67
130            android:authorities="com.google.mlkit.vision.demo.androidx-startup"
130-->[androidx.work:work-runtime:2.7.0] AndroidManifest.xml:33:13-68
131            android:exported="false" >
131-->[androidx.work:work-runtime:2.7.0] AndroidManifest.xml:34:13-37
132            <meta-data
132-->[androidx.work:work-runtime:2.7.0] AndroidManifest.xml:36:13-38:52
133                android:name="androidx.work.WorkManagerInitializer"
133-->[androidx.work:work-runtime:2.7.0] AndroidManifest.xml:37:17-68
134                android:value="androidx.startup" />
134-->[androidx.work:work-runtime:2.7.0] AndroidManifest.xml:38:17-49
135            <meta-data
135-->[androidx.emoji2:emoji2:1.2.0] AndroidManifest.xml:29:13-31:52
136                android:name="androidx.emoji2.text.EmojiCompatInitializer"
136-->[androidx.emoji2:emoji2:1.2.0] AndroidManifest.xml:30:17-75
137                android:value="androidx.startup" />
137-->[androidx.emoji2:emoji2:1.2.0] AndroidManifest.xml:31:17-49
138            <meta-data
138-->[androidx.lifecycle:lifecycle-process:2.4.1] AndroidManifest.xml:31:13-33:52
139                android:name="androidx.lifecycle.ProcessLifecycleInitializer"
139-->[androidx.lifecycle:lifecycle-process:2.4.1] AndroidManifest.xml:32:17-78
140                android:value="androidx.startup" />
140-->[androidx.lifecycle:lifecycle-process:2.4.1] AndroidManifest.xml:33:17-49
141        </provider>
142
143        <service
143-->[androidx.work:work-runtime:2.7.0] AndroidManifest.xml:41:9-46:35
144            android:name="androidx.work.impl.background.systemalarm.SystemAlarmService"
144-->[androidx.work:work-runtime:2.7.0] AndroidManifest.xml:42:13-88
145            android:directBootAware="false"
145-->[androidx.work:work-runtime:2.7.0] AndroidManifest.xml:43:13-44
146            android:enabled="@bool/enable_system_alarm_service_default"
146-->[androidx.work:work-runtime:2.7.0] AndroidManifest.xml:44:13-72
147            android:exported="false" />
147-->[androidx.work:work-runtime:2.7.0] AndroidManifest.xml:45:13-37
148        <service
148-->[androidx.work:work-runtime:2.7.0] AndroidManifest.xml:47:9-53:35
149            android:name="androidx.work.impl.background.systemjob.SystemJobService"
149-->[androidx.work:work-runtime:2.7.0] AndroidManifest.xml:48:13-84
150            android:directBootAware="false"
150-->[androidx.work:work-runtime:2.7.0] AndroidManifest.xml:49:13-44
151            android:enabled="@bool/enable_system_job_service_default"
151-->[androidx.work:work-runtime:2.7.0] AndroidManifest.xml:50:13-70
152            android:exported="true"
152-->[androidx.work:work-runtime:2.7.0] AndroidManifest.xml:51:13-36
153            android:permission="android.permission.BIND_JOB_SERVICE" />
153-->[androidx.work:work-runtime:2.7.0] AndroidManifest.xml:52:13-69
154        <service
154-->[androidx.work:work-runtime:2.7.0] AndroidManifest.xml:54:9-59:35
155            android:name="androidx.work.impl.foreground.SystemForegroundService"
155-->[androidx.work:work-runtime:2.7.0] AndroidManifest.xml:55:13-81
156            android:directBootAware="false"
156-->[androidx.work:work-runtime:2.7.0] AndroidManifest.xml:56:13-44
157            android:enabled="@bool/enable_system_foreground_service_default"
157-->[androidx.work:work-runtime:2.7.0] AndroidManifest.xml:57:13-77
158            android:exported="false" />
158-->[androidx.work:work-runtime:2.7.0] AndroidManifest.xml:58:13-37
159
160        <receiver
160-->[androidx.work:work-runtime:2.7.0] AndroidManifest.xml:61:9-66:35
161            android:name="androidx.work.impl.utils.ForceStopRunnable$BroadcastReceiver"
161-->[androidx.work:work-runtime:2.7.0] AndroidManifest.xml:62:13-88
162            android:directBootAware="false"
162-->[androidx.work:work-runtime:2.7.0] AndroidManifest.xml:63:13-44
163            android:enabled="true"
163-->[androidx.work:work-runtime:2.7.0] AndroidManifest.xml:64:13-35
164            android:exported="false" />
164-->[androidx.work:work-runtime:2.7.0] AndroidManifest.xml:65:13-37
165        <receiver
165-->[androidx.work:work-runtime:2.7.0] AndroidManifest.xml:67:9-77:20
166            android:name="androidx.work.impl.background.systemalarm.ConstraintProxy$BatteryChargingProxy"
166-->[androidx.work:work-runtime:2.7.0] AndroidManifest.xml:68:13-106
167            android:directBootAware="false"
167-->[androidx.work:work-runtime:2.7.0] AndroidManifest.xml:69:13-44
168            android:enabled="false"
168-->[androidx.work:work-runtime:2.7.0] AndroidManifest.xml:70:13-36
169            android:exported="false" >
169-->[androidx.work:work-runtime:2.7.0] AndroidManifest.xml:71:13-37
170            <intent-filter>
170-->[androidx.work:work-runtime:2.7.0] AndroidManifest.xml:73:13-76:29
171                <action android:name="android.intent.action.ACTION_POWER_CONNECTED" />
171-->[androidx.work:work-runtime:2.7.0] AndroidManifest.xml:74:17-87
171-->[androidx.work:work-runtime:2.7.0] AndroidManifest.xml:74:25-84
172                <action android:name="android.intent.action.ACTION_POWER_DISCONNECTED" />
172-->[androidx.work:work-runtime:2.7.0] AndroidManifest.xml:75:17-90
172-->[androidx.work:work-runtime:2.7.0] AndroidManifest.xml:75:25-87
173            </intent-filter>
174        </receiver>
175        <receiver
175-->[androidx.work:work-runtime:2.7.0] AndroidManifest.xml:78:9-88:20
176            android:name="androidx.work.impl.background.systemalarm.ConstraintProxy$BatteryNotLowProxy"
176-->[androidx.work:work-runtime:2.7.0] AndroidManifest.xml:79:13-104
177            android:directBootAware="false"
177-->[androidx.work:work-runtime:2.7.0] AndroidManifest.xml:80:13-44
178            android:enabled="false"
178-->[androidx.work:work-runtime:2.7.0] AndroidManifest.xml:81:13-36
179            android:exported="false" >
179-->[androidx.work:work-runtime:2.7.0] AndroidManifest.xml:82:13-37
180            <intent-filter>
180-->[androidx.work:work-runtime:2.7.0] AndroidManifest.xml:84:13-87:29
181                <action android:name="android.intent.action.BATTERY_OKAY" />
181-->[androidx.work:work-runtime:2.7.0] AndroidManifest.xml:85:17-77
181-->[androidx.work:work-runtime:2.7.0] AndroidManifest.xml:85:25-74
182                <action android:name="android.intent.action.BATTERY_LOW" />
182-->[androidx.work:work-runtime:2.7.0] AndroidManifest.xml:86:17-76
182-->[androidx.work:work-runtime:2.7.0] AndroidManifest.xml:86:25-73
183            </intent-filter>
184        </receiver>
185        <receiver
185-->[androidx.work:work-runtime:2.7.0] AndroidManifest.xml:89:9-99:20
186            android:name="androidx.work.impl.background.systemalarm.ConstraintProxy$StorageNotLowProxy"
186-->[androidx.work:work-runtime:2.7.0] AndroidManifest.xml:90:13-104
187            android:directBootAware="false"
187-->[androidx.work:work-runtime:2.7.0] AndroidManifest.xml:91:13-44
188            android:enabled="false"
188-->[androidx.work:work-runtime:2.7.0] AndroidManifest.xml:92:13-36
189            android:exported="false" >
189-->[androidx.work:work-runtime:2.7.0] AndroidManifest.xml:93:13-37
190            <intent-filter>
190-->[androidx.work:work-runtime:2.7.0] AndroidManifest.xml:95:13-98:29
191                <action android:name="android.intent.action.DEVICE_STORAGE_LOW" />
191-->[androidx.work:work-runtime:2.7.0] AndroidManifest.xml:96:17-83
191-->[androidx.work:work-runtime:2.7.0] AndroidManifest.xml:96:25-80
192                <action android:name="android.intent.action.DEVICE_STORAGE_OK" />
192-->[androidx.work:work-runtime:2.7.0] AndroidManifest.xml:97:17-82
192-->[androidx.work:work-runtime:2.7.0] AndroidManifest.xml:97:25-79
193            </intent-filter>
194        </receiver>
195        <receiver
195-->[androidx.work:work-runtime:2.7.0] AndroidManifest.xml:100:9-109:20
196            android:name="androidx.work.impl.background.systemalarm.ConstraintProxy$NetworkStateProxy"
196-->[androidx.work:work-runtime:2.7.0] AndroidManifest.xml:101:13-103
197            android:directBootAware="false"
197-->[androidx.work:work-runtime:2.7.0] AndroidManifest.xml:102:13-44
198            android:enabled="false"
198-->[androidx.work:work-runtime:2.7.0] AndroidManifest.xml:103:13-36
199            android:exported="false" >
199-->[androidx.work:work-runtime:2.7.0] AndroidManifest.xml:104:13-37
200            <intent-filter>
200-->[androidx.work:work-runtime:2.7.0] AndroidManifest.xml:106:13-108:29
201                <action android:name="android.net.conn.CONNECTIVITY_CHANGE" />
201-->[androidx.work:work-runtime:2.7.0] AndroidManifest.xml:107:17-79
201-->[androidx.work:work-runtime:2.7.0] AndroidManifest.xml:107:25-76
202            </intent-filter>
203        </receiver>
204        <receiver
204-->[androidx.work:work-runtime:2.7.0] AndroidManifest.xml:110:9-121:20
205            android:name="androidx.work.impl.background.systemalarm.RescheduleReceiver"
205-->[androidx.work:work-runtime:2.7.0] AndroidManifest.xml:111:13-88
206            android:directBootAware="false"
206-->[androidx.work:work-runtime:2.7.0] AndroidManifest.xml:112:13-44
207            android:enabled="false"
207-->[androidx.work:work-runtime:2.7.0] AndroidManifest.xml:113:13-36
208            android:exported="false" >
208-->[androidx.work:work-runtime:2.7.0] AndroidManifest.xml:114:13-37
209            <intent-filter>
209-->[androidx.work:work-runtime:2.7.0] AndroidManifest.xml:116:13-120:29
210                <action android:name="android.intent.action.BOOT_COMPLETED" />
210-->[androidx.work:work-runtime:2.7.0] AndroidManifest.xml:117:17-79
210-->[androidx.work:work-runtime:2.7.0] AndroidManifest.xml:117:25-76
211                <action android:name="android.intent.action.TIME_SET" />
211-->[androidx.work:work-runtime:2.7.0] AndroidManifest.xml:118:17-73
211-->[androidx.work:work-runtime:2.7.0] AndroidManifest.xml:118:25-70
212                <action android:name="android.intent.action.TIMEZONE_CHANGED" />
212-->[androidx.work:work-runtime:2.7.0] AndroidManifest.xml:119:17-81
212-->[androidx.work:work-runtime:2.7.0] AndroidManifest.xml:119:25-78
213            </intent-filter>
214        </receiver>
215        <receiver
215-->[androidx.work:work-runtime:2.7.0] AndroidManifest.xml:122:9-131:20
216            android:name="androidx.work.impl.background.systemalarm.ConstraintProxyUpdateReceiver"
216-->[androidx.work:work-runtime:2.7.0] AndroidManifest.xml:123:13-99
217            android:directBootAware="false"
217-->[androidx.work:work-runtime:2.7.0] AndroidManifest.xml:124:13-44
218            android:enabled="@bool/enable_system_alarm_service_default"
218-->[androidx.work:work-runtime:2.7.0] AndroidManifest.xml:125:13-72
219            android:exported="false" >
219-->[androidx.work:work-runtime:2.7.0] AndroidManifest.xml:126:13-37
220            <intent-filter>
220-->[androidx.work:work-runtime:2.7.0] AndroidManifest.xml:128:13-130:29
221                <action android:name="androidx.work.impl.background.systemalarm.UpdateProxies" />
221-->[androidx.work:work-runtime:2.7.0] AndroidManifest.xml:129:17-98
221-->[androidx.work:work-runtime:2.7.0] AndroidManifest.xml:129:25-95
222            </intent-filter>
223        </receiver>
224        <receiver
224-->[androidx.work:work-runtime:2.7.0] AndroidManifest.xml:132:9-142:20
225            android:name="androidx.work.impl.diagnostics.DiagnosticsReceiver"
225-->[androidx.work:work-runtime:2.7.0] AndroidManifest.xml:133:13-78
226            android:directBootAware="false"
226-->[androidx.work:work-runtime:2.7.0] AndroidManifest.xml:134:13-44
227            android:enabled="true"
227-->[androidx.work:work-runtime:2.7.0] AndroidManifest.xml:135:13-35
228            android:exported="true"
228-->[androidx.work:work-runtime:2.7.0] AndroidManifest.xml:136:13-36
229            android:permission="android.permission.DUMP" >
229-->[androidx.work:work-runtime:2.7.0] AndroidManifest.xml:137:13-57
230            <intent-filter>
230-->[androidx.work:work-runtime:2.7.0] AndroidManifest.xml:139:13-141:29
231                <action android:name="androidx.work.diagnostics.REQUEST_DIAGNOSTICS" />
231-->[androidx.work:work-runtime:2.7.0] AndroidManifest.xml:140:17-88
231-->[androidx.work:work-runtime:2.7.0] AndroidManifest.xml:140:25-85
232            </intent-filter>
233        </receiver>
234
235        <service
235-->[com.google.android.datatransport:transport-backend-cct:2.3.3] AndroidManifest.xml:29:9-35:19
236            android:name="com.google.android.datatransport.runtime.backends.TransportBackendDiscovery"
236-->[com.google.android.datatransport:transport-backend-cct:2.3.3] AndroidManifest.xml:30:13-103
237            android:exported="false" >
237-->[com.google.android.datatransport:transport-backend-cct:2.3.3] AndroidManifest.xml:31:13-37
238            <meta-data
238-->[com.google.android.datatransport:transport-backend-cct:2.3.3] AndroidManifest.xml:32:13-34:39
239                android:name="backend:com.google.android.datatransport.cct.CctBackendFactory"
239-->[com.google.android.datatransport:transport-backend-cct:2.3.3] AndroidManifest.xml:33:17-94
240                android:value="cct" />
240-->[com.google.android.datatransport:transport-backend-cct:2.3.3] AndroidManifest.xml:34:17-36
241        </service>
242        <service
242-->[com.google.android.datatransport:transport-runtime:2.2.6] AndroidManifest.xml:26:9-30:19
243            android:name="com.google.android.datatransport.runtime.scheduling.jobscheduling.JobInfoSchedulerService"
243-->[com.google.android.datatransport:transport-runtime:2.2.6] AndroidManifest.xml:27:13-117
244            android:exported="false"
244-->[com.google.android.datatransport:transport-runtime:2.2.6] AndroidManifest.xml:28:13-37
245            android:permission="android.permission.BIND_JOB_SERVICE" >
245-->[com.google.android.datatransport:transport-runtime:2.2.6] AndroidManifest.xml:29:13-69
246        </service>
247
248        <receiver
248-->[com.google.android.datatransport:transport-runtime:2.2.6] AndroidManifest.xml:32:9-34:40
249            android:name="com.google.android.datatransport.runtime.scheduling.jobscheduling.AlarmManagerSchedulerBroadcastReceiver"
249-->[com.google.android.datatransport:transport-runtime:2.2.6] AndroidManifest.xml:33:13-132
250            android:exported="false" />
250-->[com.google.android.datatransport:transport-runtime:2.2.6] AndroidManifest.xml:34:13-37
251
252        <service
252-->[androidx.room:room-runtime:2.2.5] AndroidManifest.xml:25:9-28:40
253            android:name="androidx.room.MultiInstanceInvalidationService"
253-->[androidx.room:room-runtime:2.2.5] AndroidManifest.xml:26:13-74
254            android:directBootAware="true"
254-->[androidx.room:room-runtime:2.2.5] AndroidManifest.xml:27:13-43
255            android:exported="false" />
255-->[androidx.room:room-runtime:2.2.5] AndroidManifest.xml:28:13-37
256    </application>
257
258</manifest>